<?xml version="1.0" encoding="UTF-8"?>
<robot generator="Robot 4.1.1 (Python 3.9.7 on win32)" generated="20210916 13:33:48.074" rpa="false" schemaversion="2">
<suite id="s1" name="Test" source="c:\qaninja\robot\test.robot">
<test id="s1-t1" name="Deve retornar mensagem de boas vindas">
<kw name="Welcome" library="app">
<var>${result}</var>
<arg>Giulia</arg>
<msg timestamp="20210916 13:33:48.112" level="INFO">${result} = Olá Giulia, bem vindo ao curso de Robot Framework!</msg>
<status status="PASS" starttime="20210916 13:33:48.112" endtime="20210916 13:33:48.112"/>
</kw>
<kw name="Should Be Equal" library="BuiltIn">
<arg>${result}</arg>
<arg>Olá Giulia, bem vindo ao curso de Robot Framework!</arg>
<doc>Fails if the given objects are unequal.</doc>
<status status="PASS" starttime="20210916 13:33:48.113" endtime="20210916 13:33:48.113"/>
</kw>
<status status="PASS" starttime="20210916 13:33:48.111" endtime="20210916 13:33:48.113"/>
</test>
<status status="PASS" starttime="20210916 13:33:48.075" endtime="20210916 13:33:48.114"/>
</suite>
<statistics>
<total>
<stat pass="1" fail="0" skip="0">All Tests</stat>
</total>
<tag>
</tag>
<suite>
<stat pass="1" fail="0" skip="0" id="s1" name="Test">Test</stat>
</suite>
</statistics>
<errors>
</errors>
</robot>
