<?xml version="1.0" encoding="UTF-8"?>
<robot generator="Robot 4.1.1 (Python 3.9.7 on win32)" generated="20211008 12:27:59.284" rpa="false" schemaversion="2">
<suite id="s1" name="Testebdd" source="c:\qaninja\robot\web\testebdd">
<suite id="s1-s1" name="Login Form" source="c:\qaninja\robot\web\testebdd\login_form.robot">
<test id="s1-s1-t1" name="Usuáro não existe">
<kw name="Nova Sessão" library="base" type="SETUP">
<kw name="Open Browser" library="SeleniumLibrary">
<arg>${URL}</arg>
<arg>chrome</arg>
<doc>Opens a new browser instance to the optional ``url``.</doc>
<msg timestamp="20211008 12:27:59.632" level="INFO">Opening browser 'chrome' to base url 'https://training-wheels-protocol.herokuapp.com'.</msg>
<status status="PASS" starttime="20211008 12:27:59.632" endtime="20211008 12:28:09.685"/>
</kw>
<status status="PASS" starttime="20211008 12:27:59.632" endtime="20211008 12:28:09.686"/>
</kw>
<kw name="Dado que preencho o campo na tela de login" library="keywords">
<kw name="Clicar botão login" library="resourceBDD">
<kw name="Click Element" library="SeleniumLibrary">
<arg>${paginaLogin}</arg>
<doc>Click the element identified by ``locator``.</doc>
<msg timestamp="20211008 12:28:09.690" level="INFO">Clicking element 'xpath://*[@href='/login']'.</msg>
<status status="PASS" starttime="20211008 12:28:09.690" endtime="20211008 12:28:10.595"/>
</kw>
<status status="PASS" starttime="20211008 12:28:09.689" endtime="20211008 12:28:10.596"/>
</kw>
<kw name="Preencher campos" library="resourceBDD">
<arg>Giulia</arg>
<arg>jarvis!</arg>
<kw name="Input Text" library="SeleniumLibrary">
<arg>${campoLogin}</arg>
<arg>${usuario}</arg>
<doc>Types the given ``text`` into the text field identified by ``locator``.</doc>
<msg timestamp="20211008 12:28:10.600" level="INFO">Typing text 'Giulia' into text field 'css:input[name=username]'.</msg>
<status status="PASS" starttime="20211008 12:28:10.599" endtime="20211008 12:28:10.781"/>
</kw>
<kw name="Input Text" library="SeleniumLibrary">
<arg>${campoSenha}</arg>
<arg>${senha}</arg>
<doc>Types the given ``text`` into the text field identified by ``locator``.</doc>
<msg timestamp="20211008 12:28:10.782" level="INFO">Typing text 'jarvis!' into text field 'css:input[name=password]'.</msg>
<status status="PASS" starttime="20211008 12:28:10.782" endtime="20211008 12:28:10.913"/>
</kw>
<status status="PASS" starttime="20211008 12:28:10.597" endtime="20211008 12:28:10.914"/>
</kw>
<status status="PASS" starttime="20211008 12:28:09.688" endtime="20211008 12:28:10.914"/>
</kw>
<kw name="Quando aperto no botão de login" library="keywords">
<kw name="Clicar botão" library="resourceBDD">
<kw name="Click Element" library="SeleniumLibrary">
<arg>${botaoLogin}</arg>
<doc>Click the element identified by ``locator``.</doc>
<msg timestamp="20211008 12:28:10.917" level="INFO">Clicking element 'class:btn-login'.</msg>
<status status="PASS" starttime="20211008 12:28:10.916" endtime="20211008 12:28:11.510"/>
</kw>
<status status="PASS" starttime="20211008 12:28:10.915" endtime="20211008 12:28:11.510"/>
</kw>
<status status="PASS" starttime="20211008 12:28:10.915" endtime="20211008 12:28:11.510"/>
</kw>
<kw name="Então sou direcionado a página principal" library="keywords">
<kw name="Valida Login" library="resourceBDD">
<kw name="Page Should Contain" library="SeleniumLibrary">
<arg>O usuário informado não está cadastrado!</arg>
<doc>Verifies that current page contains ``text``.</doc>
<msg timestamp="20211008 12:28:11.536" level="INFO">Current page contains text 'O usuário informado não está cadastrado!'.</msg>
<status status="PASS" starttime="20211008 12:28:11.513" endtime="20211008 12:28:11.536"/>
</kw>
<status status="PASS" starttime="20211008 12:28:11.512" endtime="20211008 12:28:11.536"/>
</kw>
<status status="PASS" starttime="20211008 12:28:11.511" endtime="20211008 12:28:11.536"/>
</kw>
<kw name="Encerra Sessão" library="base" type="TEARDOWN">
<kw name="Capture Page Screenshot" library="SeleniumLibrary">
<doc>Takes a screenshot of the current page and embeds it into a log file.</doc>
<msg timestamp="20211008 12:28:11.842" level="INFO" html="true">&lt;/td&gt;&lt;/tr&gt;&lt;tr&gt;&lt;td colspan="3"&gt;&lt;a href="selenium-screenshot-23.png"&gt;&lt;img src="selenium-screenshot-23.png" width="800px"&gt;&lt;/a&gt;</msg>
<status status="PASS" starttime="20211008 12:28:11.537" endtime="20211008 12:28:11.842"/>
</kw>
<kw name="Close Browser" library="SeleniumLibrary">
<doc>Closes the current browser.</doc>
<status status="PASS" starttime="20211008 12:28:11.842" endtime="20211008 12:28:14.248"/>
</kw>
<status status="PASS" starttime="20211008 12:28:11.537" endtime="20211008 12:28:14.249"/>
</kw>
<tag>loginfailed</tag>
<status status="PASS" starttime="20211008 12:27:59.631" endtime="20211008 12:28:14.250"/>
</test>
<status status="PASS" starttime="20211008 12:27:59.321" endtime="20211008 12:28:14.258"/>
</suite>
<status status="PASS" starttime="20211008 12:27:59.296" endtime="20211008 12:28:14.269"/>
</suite>
<statistics>
<total>
<stat pass="1" fail="0" skip="0">All Tests</stat>
</total>
<tag>
<stat pass="1" fail="0" skip="0">loginfailed</stat>
</tag>
<suite>
<stat pass="1" fail="0" skip="0" id="s1" name="Testebdd">Testebdd</stat>
<stat pass="1" fail="0" skip="0" id="s1-s1" name="Login Form">Testebdd.Login Form</stat>
</suite>
</statistics>
<errors>
</errors>
</robot>
