<?xml version="1.0" encoding="UTF-8"?>
<robot generator="Robot 4.1.1 (Python 3.9.7 on win32)" generated="20210916 16:26:07.921" rpa="false" schemaversion="2">
<suite id="s1" name="Title" source="c:\qaninja\robot\web\title.robot">
<test id="s1-t1" name="should see Page Title">
<kw name="Open Browser" library="SeleniumLibrary">
<arg>https://training-wheels-protocol.herokuapp.com</arg>
<arg>chrome</arg>
<doc>Opens a new browser instance to the optional ``url``.</doc>
<msg timestamp="20210916 16:26:08.153" level="INFO">Opening browser 'chrome' to base url 'https://training-wheels-protocol.herokuapp.com'.</msg>
<status status="PASS" starttime="20210916 16:26:08.153" endtime="20210916 16:26:18.339"/>
</kw>
<kw name="Title Should Be" library="SeleniumLibrary">
<arg>Training Wheels Protocol</arg>
<doc>Verifies that the current page title equals ``title``.</doc>
<msg timestamp="20210916 16:26:18.346" level="INFO">Page title is 'Training Wheels Protocol'.</msg>
<status status="PASS" starttime="20210916 16:26:18.340" endtime="20210916 16:26:18.346"/>
</kw>
<kw name="Close Browser" library="SeleniumLibrary">
<doc>Closes the current browser.</doc>
<status status="PASS" starttime="20210916 16:26:18.347" endtime="20210916 16:26:20.759"/>
</kw>
<status status="PASS" starttime="20210916 16:26:08.152" endtime="20210916 16:26:20.761"/>
</test>
<status status="PASS" starttime="20210916 16:26:07.923" endtime="20210916 16:26:20.767"/>
</suite>
<statistics>
<total>
<stat pass="1" fail="0" skip="0">All Tests</stat>
</total>
<tag>
</tag>
<suite>
<stat pass="1" fail="0" skip="0" id="s1" name="Title">Title</stat>
</suite>
</statistics>
<errors>
</errors>
</robot>
